CRITICAL - 2021-11-12 02:09:13 --> syntax error, unexpected end of file, expecting function (T_FUNCTION) or const (T_CONST)
#0 C:\wamp\www\CI\system\Autoloader\Autoloader.php(241): CodeIgniter\Autoloader\Autoloader->includeFile('C:\\wamp\\www\\CI\\...')
#1 C:\wamp\www\CI\system\Autoloader\Autoloader.php(219): CodeIgniter\Autoloader\Autoloader->loadInNamespace('App\\Controllers...')
#2 [internal function]: CodeIgniter\Autoloader\Autoloader->loadClass('App\\Controllers...')
#3 [internal function]: spl_autoload_call('App\\Controllers...')
#4 C:\wamp\www\CI\system\CodeIgniter.php(789): class_exists('\\App\\Controller...', true)
#5 C:\wamp\www\CI\system\CodeIgniter.php(397): CodeIgniter\CodeIgniter->startController()
#6 C:\wamp\www\CI\system\CodeIgniter.php(318): CodeIgniter\CodeIgniter->handleRequest(NULL, Object(Config\Cache), false)
#7 C:\wamp\www\CI\public\index.php(37): CodeIgniter\CodeIgniter->run()
#8 {main}
CRITICAL - 2021-11-12 02:09:19 --> syntax error, unexpected end of file, expecting function (T_FUNCTION) or const (T_CONST)
#0 C:\wamp\www\CI\system\Autoloader\Autoloader.php(241): CodeIgniter\Autoloader\Autoloader->includeFile('C:\\wamp\\www\\CI\\...')
#1 C:\wamp\www\CI\system\Autoloader\Autoloader.php(219): CodeIgniter\Autoloader\Autoloader->loadInNamespace('App\\Controllers...')
#2 [internal function]: CodeIgniter\Autoloader\Autoloader->loadClass('App\\Controllers...')
#3 [internal function]: spl_autoload_call('App\\Controllers...')
#4 C:\wamp\www\CI\system\CodeIgniter.php(789): class_exists('\\App\\Controller...', true)
#5 C:\wamp\www\CI\system\CodeIgniter.php(397): CodeIgniter\CodeIgniter->startController()
#6 C:\wamp\www\CI\system\CodeIgniter.php(318): CodeIgniter\CodeIgniter->handleRequest(NULL, Object(Config\Cache), false)
#7 C:\wamp\www\CI\public\index.php(37): CodeIgniter\CodeIgniter->run()
#8 {main}
CRITICAL - 2021-11-12 02:12:48 --> syntax error, unexpected end of file, expecting function (T_FUNCTION) or const (T_CONST)
#0 C:\wamp\www\CI\system\Autoloader\Autoloader.php(241): CodeIgniter\Autoloader\Autoloader->includeFile('C:\\wamp\\www\\CI\\...')
#1 C:\wamp\www\CI\system\Autoloader\Autoloader.php(219): CodeIgniter\Autoloader\Autoloader->loadInNamespace('App\\Controllers...')
#2 [internal function]: CodeIgniter\Autoloader\Autoloader->loadClass('App\\Controllers...')
#3 [internal function]: spl_autoload_call('App\\Controllers...')
#4 C:\wamp\www\CI\system\CodeIgniter.php(789): class_exists('\\App\\Controller...', true)
#5 C:\wamp\www\CI\system\CodeIgniter.php(397): CodeIgniter\CodeIgniter->startController()
#6 C:\wamp\www\CI\system\CodeIgniter.php(318): CodeIgniter\CodeIgniter->handleRequest(NULL, Object(Config\Cache), false)
#7 C:\wamp\www\CI\public\index.php(37): CodeIgniter\CodeIgniter->run()
#8 {main}
CRITICAL - 2021-11-12 02:18:42 --> syntax error, unexpected ';', expecting ')'
#0 C:\wamp\www\CI\system\Autoloader\Autoloader.php(241): CodeIgniter\Autoloader\Autoloader->includeFile('C:\\wamp\\www\\CI\\...')
#1 C:\wamp\www\CI\system\Autoloader\Autoloader.php(219): CodeIgniter\Autoloader\Autoloader->loadInNamespace('App\\Controllers...')
#2 [internal function]: CodeIgniter\Autoloader\Autoloader->loadClass('App\\Controllers...')
#3 [internal function]: spl_autoload_call('App\\Controllers...')
#4 C:\wamp\www\CI\system\CodeIgniter.php(789): class_exists('\\App\\Controller...', true)
#5 C:\wamp\www\CI\system\CodeIgniter.php(397): CodeIgniter\CodeIgniter->startController()
#6 C:\wamp\www\CI\system\CodeIgniter.php(318): CodeIgniter\CodeIgniter->handleRequest(NULL, Object(Config\Cache), false)
#7 C:\wamp\www\CI\public\index.php(37): CodeIgniter\CodeIgniter->run()
#8 {main}
